<?xml version="1.0" encoding="UTF-8"?>
<testng-results skipped="0" failed="0" ignored="0" total="2" passed="2">
  <reporter-output>
  </reporter-output>
  <suite name="Default suite" duration-ms="13303" started-at="2018-02-12T16:09:34Z" finished-at="2018-02-12T16:09:47Z">
    <groups>
    </groups>
    <test name="Default test" duration-ms="13303" started-at="2018-02-12T16:09:34Z" finished-at="2018-02-12T16:09:47Z">
      <class name="Demo.module.Bank">
        <test-method status="PASS" signature="setUrl()[pri:0, instance:Demo.module.Bank@18be83e4]" name="setUrl" duration-ms="13162" started-at="2018-02-12T21:39:34Z" finished-at="2018-02-12T21:39:47Z">
          <reporter-output>
          </reporter-output>
        </test-method> <!-- setUrl -->
        <test-method status="PASS" signature="Email()[pri:2, instance:Demo.module.Bank@18be83e4]" name="Email" duration-ms="110" started-at="2018-02-12T21:39:47Z" finished-at="2018-02-12T21:39:47Z">
          <reporter-output>
          </reporter-output>
        </test-method> <!-- Email -->
      </class> <!-- Demo.module.Bank -->
    </test> <!-- Default test -->
  </suite> <!-- Default suite -->
</testng-results>
